# JRE version: OpenJDK Runtime Environment (8.0_181-b13) (build 1.8.0_181-8u181-b13-1ubuntu0.18.04.1-b13)
# Java VM: OpenJDK 64-Bit Server VM (25.181-b13 mixed mode linux-amd64 compressed oops)
Heap:
 PSYoungGen      total 229376K, used 0K [0x00000000eab00000, 0x00000000ff400000, 0x0000000100000000)
  eden space 125440K, 0% used [0x00000000eab00000,0x00000000eab00000,0x00000000f2580000)
  from space 103936K, 0% used [0x00000000f2580000,0x00000000f2580000,0x00000000f8b00000)
  to   space 99840K, 0% used [0x00000000f9280000,0x00000000f9280000,0x00000000ff400000)
 ParOldGen       total 515584K, used 508169K [0x00000000c0000000, 0x00000000df780000, 0x00000000eab00000)
  object space 515584K, 98% used [0x00000000c0000000,0x00000000df042430,0x00000000df780000)
 Metaspace       used 6861K, capacity 7384K, committed 7680K, reserved 1056768K
  class space    used 622K, capacity 656K, committed 768K, reserved 1048576K
GC Heap History (10 events):
Event: 12.323 GC heap after
Heap after GC invocations=23 (full 2):
 PSYoungGen      total 134656K, used 17744K [0x00000000eab00000, 0x00000000fff00000, 0x0000000100000000)
  eden space 116736K, 0% used [0x00000000eab00000,0x00000000eab00000,0x00000000f1d00000)
  from space 17920K, 99% used [0x00000000f1d00000,0x00000000f2e54328,0x00000000f2e80000)
  to   space 115712K, 0% used [0x00000000f8e00000,0x00000000f8e00000,0x00000000fff00000)
 ParOldGen       total 515584K, used 420649K [0x00000000c0000000, 0x00000000df780000, 0x00000000eab00000)
  object space 515584K, 81% used [0x00000000c0000000,0x00000000d9aca488,0x00000000df780000)
 Metaspace       used 6858K, capacity 7384K, committed 7680K, reserved 1056768K
  class space    used 622K, capacity 656K, committed 768K, reserved 1048576K
}
Event: 12.580 GC heap before
{Heap before GC invocations=24 (full 2):
 PSYoungGen      total 134656K, used 134480K [0x00000000eab00000, 0x00000000fff00000, 0x0000000100000000)
  eden space 116736K, 100% used [0x00000000eab00000,0x00000000f1d00000,0x00000000f1d00000)
  from space 17920K, 99% used [0x00000000f1d00000,0x00000000f2e54328,0x00000000f2e80000)
  to   space 115712K, 0% used [0x00000000f8e00000,0x00000000f8e00000,0x00000000fff00000)
 ParOldGen       total 515584K, used 420649K [0x00000000c0000000, 0x00000000df780000, 0x00000000eab00000)
  object space 515584K, 81% used [0x00000000c0000000,0x00000000d9aca488,0x00000000df780000)
 Metaspace       used 6858K, capacity 7384K, committed 7680K, reserved 1056768K
  class space    used 622K, capacity 656K, committed 768K, reserved 1048576K
Event: 12.650 GC heap after
Heap after GC invocations=24 (full 2):
 PSYoungGen      total 236032K, used 19431K [0x00000000eab00000, 0x0000000100000000, 0x0000000100000000)
  eden space 120320K, 0% used [0x00000000eab00000,0x00000000eab00000,0x00000000f2080000)
  from space 115712K, 16% used [0x00000000f8e00000,0x00000000fa0f9c50,0x00000000fff00000)
  to   space 112128K, 0% used [0x00000000f2080000,0x00000000f2080000,0x00000000f8e00000)
 ParOldGen       total 515584K, used 437799K [0x00000000c0000000, 0x00000000df780000, 0x00000000eab00000)
  object space 515584K, 84% used [0x00000000c0000000,0x00000000dab89df8,0x00000000df780000)
 Metaspace       used 6858K, capacity 7384K, committed 7680K, reserved 1056768K
  class space    used 622K, capacity 656K, committed 768K, reserved 1048576K
}
Event: 12.845 GC heap before
{Heap before GC invocations=25 (full 2):
 PSYoungGen      total 236032K, used 139751K [0x00000000eab00000, 0x0000000100000000, 0x0000000100000000)
  eden space 120320K, 100% used [0x00000000eab00000,0x00000000f2080000,0x00000000f2080000)
  from space 115712K, 16% used [0x00000000f8e00000,0x00000000fa0f9c50,0x00000000fff00000)
  to   space 112128K, 0% used [0x00000000f2080000,0x00000000f2080000,0x00000000f8e00000)
 ParOldGen       total 515584K, used 437799K [0x00000000c0000000, 0x00000000df780000, 0x00000000eab00000)
  object space 515584K, 84% used [0x00000000c0000000,0x00000000dab89df8,0x00000000df780000)
 Metaspace       used 6858K, capacity 7384K, committed 7680K, reserved 1056768K
  class space    used 622K, capacity 656K, committed 768K, reserved 1048576K
Event: 12.883 GC heap after
Heap after GC invocations=25 (full 2):
 PSYoungGen      total 140800K, used 20056K [0x00000000eab00000, 0x00000000ff480000, 0x0000000100000000)
  eden space 120320K, 0% used [0x00000000eab00000,0x00000000eab00000,0x00000000f2080000)
  from space 20480K, 97% used [0x00000000f2080000,0x00000000f34161a8,0x00000000f3480000)
  to   space 108032K, 0% used [0x00000000f8b00000,0x00000000f8b00000,0x00000000ff480000)
 ParOldGen       total 515584K, used 456411K [0x00000000c0000000, 0x00000000df780000, 0x00000000eab00000)
  object space 515584K, 88% used [0x00000000c0000000,0x00000000dbdb6fe8,0x00000000df780000)
 Metaspace       used 6858K, capacity 7384K, committed 7680K, reserved 1056768K
  class space    used 622K, capacity 656K, committed 768K, reserved 1048576K
}
Event: 13.044 GC heap before
{Heap before GC invocations=26 (full 2):
 PSYoungGen      total 140800K, used 140376K [0x00000000eab00000, 0x00000000ff480000, 0x0000000100000000)
  eden space 120320K, 100% used [0x00000000eab00000,0x00000000f2080000,0x00000000f2080000)
  from space 20480K, 97% used [0x00000000f2080000,0x00000000f34161a8,0x00000000f3480000)
  to   space 108032K, 0% used [0x00000000f8b00000,0x00000000f8b00000,0x00000000ff480000)
 ParOldGen       total 515584K, used 456411K [0x00000000c0000000, 0x00000000df780000, 0x00000000eab00000)
  object space 515584K, 88% used [0x00000000c0000000,0x00000000dbdb6fe8,0x00000000df780000)
 Metaspace       used 6861K, capacity 7384K, committed 7680K, reserved 1056768K
  class space    used 622K, capacity 656K, committed 768K, reserved 1048576K
Event: 13.067 GC heap after
Heap after GC invocations=26 (full 2):
 PSYoungGen      total 233472K, used 18439K [0x00000000eab00000, 0x0000000100000000, 0x0000000100000000)
  eden space 125440K, 0% used [0x00000000eab00000,0x00000000eab00000,0x00000000f2580000)
  from space 108032K, 17% used [0x00000000f8b00000,0x00000000f9d01c50,0x00000000ff480000)
  to   space 103936K, 0% used [0x00000000f2580000,0x00000000f2580000,0x00000000f8b00000)
 ParOldGen       total 515584K, used 475712K [0x00000000c0000000, 0x00000000df780000, 0x00000000eab00000)
  object space 515584K, 92% used [0x00000000c0000000,0x00000000dd0903b0,0x00000000df780000)
 Metaspace       used 6861K, capacity 7384K, committed 7680K, reserved 1056768K
  class space    used 622K, capacity 656K, committed 768K, reserved 1048576K
}
Event: 13.239 GC heap before
{Heap before GC invocations=27 (full 2):
 PSYoungGen      total 233472K, used 143879K [0x00000000eab00000, 0x0000000100000000, 0x0000000100000000)
  eden space 125440K, 100% used [0x00000000eab00000,0x00000000f2580000,0x00000000f2580000)
  from space 108032K, 17% used [0x00000000f8b00000,0x00000000f9d01c50,0x00000000ff480000)
  to   space 103936K, 0% used [0x00000000f2580000,0x00000000f2580000,0x00000000f8b00000)
 ParOldGen       total 515584K, used 475712K [0x00000000c0000000, 0x00000000df780000, 0x00000000eab00000)
  object space 515584K, 92% used [0x00000000c0000000,0x00000000dd0903b0,0x00000000df780000)
 Metaspace       used 6861K, capacity 7384K, committed 7680K, reserved 1056768K
  class space    used 622K, capacity 656K, committed 768K, reserved 1048576K
Event: 13.264 GC heap after
Heap after GC invocations=27 (full 2):
 PSYoungGen      total 229376K, used 18984K [0x00000000eab00000, 0x00000000ff400000, 0x0000000100000000)
  eden space 125440K, 0% used [0x00000000eab00000,0x00000000eab00000,0x00000000f2580000)
  from space 103936K, 18% used [0x00000000f2580000,0x00000000f380a270,0x00000000f8b00000)
  to   space 99840K, 0% used [0x00000000f9280000,0x00000000f9280000,0x00000000ff400000)
 ParOldGen       total 515584K, used 492982K [0x00000000c0000000, 0x00000000df780000, 0x00000000eab00000)
  object space 515584K, 95% used [0x00000000c0000000,0x00000000de16db80,0x00000000df780000)
 Metaspace       used 6861K, capacity 7384K, committed 7680K, reserved 1056768K
  class space    used 622K, capacity 656K, committed 768K, reserved 1048576K
}
Event: 13.265 GC heap before
{Heap before GC invocations=28 (full 3):
 PSYoungGen      total 229376K, used 18984K [0x00000000eab00000, 0x00000000ff400000, 0x0000000100000000)
  eden space 125440K, 0% used [0x00000000eab00000,0x00000000eab00000,0x00000000f2580000)
  from space 103936K, 18% used [0x00000000f2580000,0x00000000f380a270,0x00000000f8b00000)
  to   space 99840K, 0% used [0x00000000f9280000,0x00000000f9280000,0x00000000ff400000)
 ParOldGen       total 515584K, used 492982K [0x00000000c0000000, 0x00000000df780000, 0x00000000eab00000)
  object space 515584K, 95% used [0x00000000c0000000,0x00000000de16db80,0x00000000df780000)
 Metaspace       used 6861K, capacity 7384K, committed 7680K, reserved 1056768K
  class space    used 622K, capacity 656K, committed 768K, reserved 1048576K

