# JRE version: OpenJDK Runtime Environment (8.0_181-b13) (build 1.8.0_181-8u181-b13-1ubuntu0.18.04.1-b13)
# Java VM: OpenJDK 64-Bit Server VM (25.181-b13 mixed mode linux-amd64 compressed oops)
Heap:
 PSYoungGen      total 214016K, used 12733K [0x00000000eab00000, 0x0000000100000000, 0x0000000100000000)
  eden space 156672K, 0% used [0x00000000eab00000,0x00000000eab00000,0x00000000f4400000)
  from space 57344K, 22% used [0x00000000fc800000,0x00000000fd46f780,0x0000000100000000)
  to   space 96256K, 0% used [0x00000000f4400000,0x00000000f4400000,0x00000000fa200000)
 ParOldGen       total 172032K, used 171831K [0x00000000c0000000, 0x00000000ca800000, 0x00000000eab00000)
  object space 172032K, 99% used [0x00000000c0000000,0x00000000ca7cdd58,0x00000000ca800000)
 Metaspace       used 6789K, capacity 7384K, committed 7680K, reserved 1056768K
  class space    used 619K, capacity 656K, committed 768K, reserved 1048576K
GC Heap History (10 events):
Event: 1.648 GC heap after
Heap after GC invocations=4 (full 0):
 PSYoungGen      total 268800K, used 10748K [0x00000000eab00000, 0x00000000fbc00000, 0x0000000100000000)
  eden space 258048K, 0% used [0x00000000eab00000,0x00000000eab00000,0x00000000fa700000)
  from space 10752K, 99% used [0x00000000fb180000,0x00000000fbbff2e0,0x00000000fbc00000)
  to   space 10752K, 0% used [0x00000000fa700000,0x00000000fa700000,0x00000000fb180000)
 ParOldGen       total 172032K, used 44329K [0x00000000c0000000, 0x00000000ca800000, 0x00000000eab00000)
  object space 172032K, 25% used [0x00000000c0000000,0x00000000c2b4a760,0x00000000ca800000)
 Metaspace       used 6630K, capacity 7320K, committed 7680K, reserved 1056768K
  class space    used 617K, capacity 656K, committed 768K, reserved 1048576K
}
Event: 2.315 GC heap before
{Heap before GC invocations=5 (full 0):
 PSYoungGen      total 268800K, used 268796K [0x00000000eab00000, 0x00000000fbc00000, 0x0000000100000000)
  eden space 258048K, 100% used [0x00000000eab00000,0x00000000fa700000,0x00000000fa700000)
  from space 10752K, 99% used [0x00000000fb180000,0x00000000fbbff2e0,0x00000000fbc00000)
  to   space 10752K, 0% used [0x00000000fa700000,0x00000000fa700000,0x00000000fb180000)
 ParOldGen       total 172032K, used 44329K [0x00000000c0000000, 0x00000000ca800000, 0x00000000eab00000)
  object space 172032K, 25% used [0x00000000c0000000,0x00000000c2b4a760,0x00000000ca800000)
 Metaspace       used 6663K, capacity 7384K, committed 7680K, reserved 1056768K
  class space    used 617K, capacity 656K, committed 768K, reserved 1048576K
Event: 2.349 GC heap after
Heap after GC invocations=5 (full 0):
 PSYoungGen      total 268800K, used 10735K [0x00000000eab00000, 0x0000000100000000, 0x0000000100000000)
  eden space 258048K, 0% used [0x00000000eab00000,0x00000000eab00000,0x00000000fa700000)
  from space 10752K, 99% used [0x00000000fa700000,0x00000000fb17bcb0,0x00000000fb180000)
  to   space 51712K, 0% used [0x00000000fcd80000,0x00000000fcd80000,0x0000000100000000)
 ParOldGen       total 172032K, used 81351K [0x00000000c0000000, 0x00000000ca800000, 0x00000000eab00000)
  object space 172032K, 47% used [0x00000000c0000000,0x00000000c4f71cb0,0x00000000ca800000)
 Metaspace       used 6663K, capacity 7384K, committed 7680K, reserved 1056768K
  class space    used 617K, capacity 656K, committed 768K, reserved 1048576K
}
Event: 3.103 GC heap before
{Heap before GC invocations=6 (full 0):
 PSYoungGen      total 268800K, used 268783K [0x00000000eab00000, 0x0000000100000000, 0x0000000100000000)
  eden space 258048K, 100% used [0x00000000eab00000,0x00000000fa700000,0x00000000fa700000)
  from space 10752K, 99% used [0x00000000fa700000,0x00000000fb17bcb0,0x00000000fb180000)
  to   space 51712K, 0% used [0x00000000fcd80000,0x00000000fcd80000,0x0000000100000000)
 ParOldGen       total 172032K, used 81351K [0x00000000c0000000, 0x00000000ca800000, 0x00000000eab00000)
  object space 172032K, 47% used [0x00000000c0000000,0x00000000c4f71cb0,0x00000000ca800000)
 Metaspace       used 6699K, capacity 7384K, committed 7680K, reserved 1056768K
  class space    used 618K, capacity 656K, committed 768K, reserved 1048576K
Event: 3.145 GC heap after
Heap after GC invocations=6 (full 0):
 PSYoungGen      total 286208K, used 43657K [0x00000000eab00000, 0x0000000100000000, 0x0000000100000000)
  eden space 234496K, 0% used [0x00000000eab00000,0x00000000eab00000,0x00000000f9000000)
  from space 51712K, 84% used [0x00000000fcd80000,0x00000000ff822640,0x0000000100000000)
  to   space 57344K, 0% used [0x00000000f9000000,0x00000000f9000000,0x00000000fc800000)
 ParOldGen       total 172032K, used 81351K [0x00000000c0000000, 0x00000000ca800000, 0x00000000eab00000)
  object space 172032K, 47% used [0x00000000c0000000,0x00000000c4f71cb0,0x00000000ca800000)
 Metaspace       used 6699K, capacity 7384K, committed 7680K, reserved 1056768K
  class space    used 618K, capacity 656K, committed 768K, reserved 1048576K
}
Event: 3.639 GC heap before
{Heap before GC invocations=7 (full 0):
 PSYoungGen      total 286208K, used 278153K [0x00000000eab00000, 0x0000000100000000, 0x0000000100000000)
  eden space 234496K, 100% used [0x00000000eab00000,0x00000000f9000000,0x00000000f9000000)
  from space 51712K, 84% used [0x00000000fcd80000,0x00000000ff822640,0x0000000100000000)
  to   space 57344K, 0% used [0x00000000f9000000,0x00000000f9000000,0x00000000fc800000)
 ParOldGen       total 172032K, used 81351K [0x00000000c0000000, 0x00000000ca800000, 0x00000000eab00000)
  object space 172032K, 47% used [0x00000000c0000000,0x00000000c4f71cb0,0x00000000ca800000)
 Metaspace       used 6777K, capacity 7384K, committed 7680K, reserved 1056768K
  class space    used 619K, capacity 656K, committed 768K, reserved 1048576K
Event: 3.707 GC heap after
Heap after GC invocations=7 (full 0):
 PSYoungGen      total 291840K, used 57313K [0x00000000eab00000, 0x0000000100000000, 0x0000000100000000)
  eden space 234496K, 0% used [0x00000000eab00000,0x00000000eab00000,0x00000000f9000000)
  from space 57344K, 99% used [0x00000000f9000000,0x00000000fc7f8590,0x00000000fc800000)
  to   space 57344K, 0% used [0x00000000fc800000,0x00000000fc800000,0x0000000100000000)
 ParOldGen       total 172032K, used 98050K [0x00000000c0000000, 0x00000000ca800000, 0x00000000eab00000)
  object space 172032K, 56% used [0x00000000c0000000,0x00000000c5fc0928,0x00000000ca800000)
 Metaspace       used 6777K, capacity 7384K, committed 7680K, reserved 1056768K
  class space    used 619K, capacity 656K, committed 768K, reserved 1048576K
}
Event: 4.198 GC heap before
{Heap before GC invocations=8 (full 0):
 PSYoungGen      total 291840K, used 291809K [0x00000000eab00000, 0x0000000100000000, 0x0000000100000000)
  eden space 234496K, 100% used [0x00000000eab00000,0x00000000f9000000,0x00000000f9000000)
  from space 57344K, 99% used [0x00000000f9000000,0x00000000fc7f8590,0x00000000fc800000)
  to   space 57344K, 0% used [0x00000000fc800000,0x00000000fc800000,0x0000000100000000)
 ParOldGen       total 172032K, used 98050K [0x00000000c0000000, 0x00000000ca800000, 0x00000000eab00000)
  object space 172032K, 56% used [0x00000000c0000000,0x00000000c5fc0928,0x00000000ca800000)
 Metaspace       used 6789K, capacity 7384K, committed 7680K, reserved 1056768K
  class space    used 619K, capacity 656K, committed 768K, reserved 1048576K
Event: 4.324 GC heap after
Heap after GC invocations=8 (full 0):
 PSYoungGen      total 214016K, used 57317K [0x00000000eab00000, 0x0000000100000000, 0x0000000100000000)
  eden space 156672K, 0% used [0x00000000eab00000,0x00000000eab00000,0x00000000f4400000)
  from space 57344K, 99% used [0x00000000fc800000,0x00000000ffff96f8,0x0000000100000000)
  to   space 96256K, 0% used [0x00000000f4400000,0x00000000f4400000,0x00000000fa200000)
 ParOldGen       total 172032K, used 133888K [0x00000000c0000000, 0x00000000ca800000, 0x00000000eab00000)
  object space 172032K, 77% used [0x00000000c0000000,0x00000000c82c03d8,0x00000000ca800000)
 Metaspace       used 6789K, capacity 7384K, committed 7680K, reserved 1056768K
  class space    used 619K, capacity 656K, committed 768K, reserved 1048576K
}
Event: 4.324 GC heap before
{Heap before GC invocations=9 (full 1):
 PSYoungGen      total 214016K, used 57317K [0x00000000eab00000, 0x0000000100000000, 0x0000000100000000)
  eden space 156672K, 0% used [0x00000000eab00000,0x00000000eab00000,0x00000000f4400000)
  from space 57344K, 99% used [0x00000000fc800000,0x00000000ffff96f8,0x0000000100000000)
  to   space 96256K, 0% used [0x00000000f4400000,0x00000000f4400000,0x00000000fa200000)
 ParOldGen       total 172032K, used 133888K [0x00000000c0000000, 0x00000000ca800000, 0x00000000eab00000)
  object space 172032K, 77% used [0x00000000c0000000,0x00000000c82c03d8,0x00000000ca800000)
 Metaspace       used 6789K, capacity 7384K, committed 7680K, reserved 1056768K
  class space    used 619K, capacity 656K, committed 768K, reserved 1048576K

